/home/nida/Desktop/ROV/task2_ws/install/task2_pkg/lib/python3.10/site-packages/task2_pkg/ellipse_publisher.py
/home/nida/Desktop/ROV/task2_ws/install/task2_pkg/lib/python3.10/site-packages/task2_pkg/shapeDetection.py
/home/nida/Desktop/ROV/task2_ws/install/task2_pkg/lib/python3.10/site-packages/task2_pkg/rectangle_publisher.py
/home/nida/Desktop/ROV/task2_ws/install/task2_pkg/lib/python3.10/site-packages/task2_pkg/__init__.py
/home/nida/Desktop/ROV/task2_ws/install/task2_pkg/lib/python3.10/site-packages/task2_pkg/circle_publisher.py
/home/nida/Desktop/ROV/task2_ws/install/task2_pkg/lib/python3.10/site-packages/task2_pkg/triangle_publisher.py
/home/nida/Desktop/ROV/task2_ws/install/task2_pkg/lib/python3.10/site-packages/task2_pkg/shapes_subscriber.py
/home/nida/Desktop/ROV/task2_ws/install/task2_pkg/lib/python3.10/site-packages/task2_pkg/__pycache__/ellipse_publisher.cpython-310.pyc
/home/nida/Desktop/ROV/task2_ws/install/task2_pkg/lib/python3.10/site-packages/task2_pkg/__pycache__/shapeDetection.cpython-310.pyc
/home/nida/Desktop/ROV/task2_ws/install/task2_pkg/lib/python3.10/site-packages/task2_pkg/__pycache__/rectangle_publisher.cpython-310.pyc
/home/nida/Desktop/ROV/task2_ws/install/task2_pkg/lib/python3.10/site-packages/task2_pkg/__pycache__/__init__.cpython-310.pyc
/home/nida/Desktop/ROV/task2_ws/install/task2_pkg/lib/python3.10/site-packages/task2_pkg/__pycache__/circle_publisher.cpython-310.pyc
/home/nida/Desktop/ROV/task2_ws/install/task2_pkg/lib/python3.10/site-packages/task2_pkg/__pycache__/triangle_publisher.cpython-310.pyc
/home/nida/Desktop/ROV/task2_ws/install/task2_pkg/lib/python3.10/site-packages/task2_pkg/__pycache__/shapes_subscriber.cpython-310.pyc
/home/nida/Desktop/ROV/task2_ws/install/task2_pkg/share/ament_index/resource_index/packages/task2_pkg
/home/nida/Desktop/ROV/task2_ws/install/task2_pkg/share/task2_pkg/package.xml
/home/nida/Desktop/ROV/task2_ws/install/task2_pkg/lib/python3.10/site-packages/task2_pkg-0.0.0-py3.10.egg-info/requires.txt
/home/nida/Desktop/ROV/task2_ws/install/task2_pkg/lib/python3.10/site-packages/task2_pkg-0.0.0-py3.10.egg-info/zip-safe
/home/nida/Desktop/ROV/task2_ws/install/task2_pkg/lib/python3.10/site-packages/task2_pkg-0.0.0-py3.10.egg-info/entry_points.txt
/home/nida/Desktop/ROV/task2_ws/install/task2_pkg/lib/python3.10/site-packages/task2_pkg-0.0.0-py3.10.egg-info/dependency_links.txt
/home/nida/Desktop/ROV/task2_ws/install/task2_pkg/lib/python3.10/site-packages/task2_pkg-0.0.0-py3.10.egg-info/top_level.txt
/home/nida/Desktop/ROV/task2_ws/install/task2_pkg/lib/python3.10/site-packages/task2_pkg-0.0.0-py3.10.egg-info/PKG-INFO
/home/nida/Desktop/ROV/task2_ws/install/task2_pkg/lib/python3.10/site-packages/task2_pkg-0.0.0-py3.10.egg-info/SOURCES.txt
/home/nida/Desktop/ROV/task2_ws/install/task2_pkg/lib/task2_pkg/circle_node
/home/nida/Desktop/ROV/task2_ws/install/task2_pkg/lib/task2_pkg/ellipse_node
/home/nida/Desktop/ROV/task2_ws/install/task2_pkg/lib/task2_pkg/rectangle_node
/home/nida/Desktop/ROV/task2_ws/install/task2_pkg/lib/task2_pkg/triangle_node
