[0.505s] Invoking command in '/home/nida/Desktop/task2_ws/src/task2_pkg': PYTHONPATH=/home/nida/Desktop/task2_ws/build/task2_pkg/prefix_override:/home/nida/Desktop/task2_ws/install/task2_pkg/lib/python3.10/site-packages:${PYTHONPATH} /usr/bin/python3 setup.py egg_info --egg-base ../../build/task2_pkg build --build-base /home/nida/Desktop/task2_ws/build/task2_pkg/build install --record /home/nida/Desktop/task2_ws/build/task2_pkg/install.log --single-version-externally-managed
[0.667s] running egg_info
[0.667s] writing ../../build/task2_pkg/task2_pkg.egg-info/PKG-INFO
[0.667s] writing dependency_links to ../../build/task2_pkg/task2_pkg.egg-info/dependency_links.txt
[0.667s] writing entry points to ../../build/task2_pkg/task2_pkg.egg-info/entry_points.txt
[0.667s] writing requirements to ../../build/task2_pkg/task2_pkg.egg-info/requires.txt
[0.667s] writing top-level names to ../../build/task2_pkg/task2_pkg.egg-info/top_level.txt
[0.668s] reading manifest file '../../build/task2_pkg/task2_pkg.egg-info/SOURCES.txt'
[0.669s] writing manifest file '../../build/task2_pkg/task2_pkg.egg-info/SOURCES.txt'
[0.669s] running build
[0.669s] running build_py
[0.669s] copying task2_pkg/ellipse_publisher.py -> /home/nida/Desktop/task2_ws/build/task2_pkg/build/lib/task2_pkg
[0.669s] copying task2_pkg/shapeDetection.py -> /home/nida/Desktop/task2_ws/build/task2_pkg/build/lib/task2_pkg
[0.669s] copying task2_pkg/rectangle_publisher.py -> /home/nida/Desktop/task2_ws/build/task2_pkg/build/lib/task2_pkg
[0.670s] copying task2_pkg/circle_publisher.py -> /home/nida/Desktop/task2_ws/build/task2_pkg/build/lib/task2_pkg
[0.670s] copying task2_pkg/triangle_publisher.py -> /home/nida/Desktop/task2_ws/build/task2_pkg/build/lib/task2_pkg
[0.670s] copying task2_pkg/shapes_subscriber.py -> /home/nida/Desktop/task2_ws/build/task2_pkg/build/lib/task2_pkg
[0.670s] running install
[0.670s] running install_lib
[0.670s] copying /home/nida/Desktop/task2_ws/build/task2_pkg/build/lib/task2_pkg/ellipse_publisher.py -> /home/nida/Desktop/task2_ws/install/task2_pkg/lib/python3.10/site-packages/task2_pkg
[0.670s] copying /home/nida/Desktop/task2_ws/build/task2_pkg/build/lib/task2_pkg/shapeDetection.py -> /home/nida/Desktop/task2_ws/install/task2_pkg/lib/python3.10/site-packages/task2_pkg
[0.670s] copying /home/nida/Desktop/task2_ws/build/task2_pkg/build/lib/task2_pkg/rectangle_publisher.py -> /home/nida/Desktop/task2_ws/install/task2_pkg/lib/python3.10/site-packages/task2_pkg
[0.671s] copying /home/nida/Desktop/task2_ws/build/task2_pkg/build/lib/task2_pkg/circle_publisher.py -> /home/nida/Desktop/task2_ws/install/task2_pkg/lib/python3.10/site-packages/task2_pkg
[0.671s] copying /home/nida/Desktop/task2_ws/build/task2_pkg/build/lib/task2_pkg/triangle_publisher.py -> /home/nida/Desktop/task2_ws/install/task2_pkg/lib/python3.10/site-packages/task2_pkg
[0.671s] copying /home/nida/Desktop/task2_ws/build/task2_pkg/build/lib/task2_pkg/shapes_subscriber.py -> /home/nida/Desktop/task2_ws/install/task2_pkg/lib/python3.10/site-packages/task2_pkg
[0.671s] byte-compiling /home/nida/Desktop/task2_ws/install/task2_pkg/lib/python3.10/site-packages/task2_pkg/ellipse_publisher.py to ellipse_publisher.cpython-310.pyc
[0.671s] byte-compiling /home/nida/Desktop/task2_ws/install/task2_pkg/lib/python3.10/site-packages/task2_pkg/shapeDetection.py to shapeDetection.cpython-310.pyc
[0.671s] byte-compiling /home/nida/Desktop/task2_ws/install/task2_pkg/lib/python3.10/site-packages/task2_pkg/rectangle_publisher.py to rectangle_publisher.cpython-310.pyc
[0.672s] byte-compiling /home/nida/Desktop/task2_ws/install/task2_pkg/lib/python3.10/site-packages/task2_pkg/circle_publisher.py to circle_publisher.cpython-310.pyc
[0.672s] byte-compiling /home/nida/Desktop/task2_ws/install/task2_pkg/lib/python3.10/site-packages/task2_pkg/triangle_publisher.py to triangle_publisher.cpython-310.pyc
[0.673s] byte-compiling /home/nida/Desktop/task2_ws/install/task2_pkg/lib/python3.10/site-packages/task2_pkg/shapes_subscriber.py to shapes_subscriber.cpython-310.pyc
[0.673s] running install_data
[0.673s] running install_egg_info
[0.674s] removing '/home/nida/Desktop/task2_ws/install/task2_pkg/lib/python3.10/site-packages/task2_pkg-0.0.0-py3.10.egg-info' (and everything under it)
[0.674s] Copying ../../build/task2_pkg/task2_pkg.egg-info to /home/nida/Desktop/task2_ws/install/task2_pkg/lib/python3.10/site-packages/task2_pkg-0.0.0-py3.10.egg-info
[0.675s] running install_scripts
[0.689s] Installing circle_node script to /home/nida/Desktop/task2_ws/install/task2_pkg/lib/task2_pkg
[0.689s] Installing ellipse_node script to /home/nida/Desktop/task2_ws/install/task2_pkg/lib/task2_pkg
[0.689s] Installing rectangle_node script to /home/nida/Desktop/task2_ws/install/task2_pkg/lib/task2_pkg
[0.689s] Installing triangle_node script to /home/nida/Desktop/task2_ws/install/task2_pkg/lib/task2_pkg
[0.689s] writing list of installed files to '/home/nida/Desktop/task2_ws/build/task2_pkg/install.log'
[0.705s] Invoked command in '/home/nida/Desktop/task2_ws/src/task2_pkg' returned '0': PYTHONPATH=/home/nida/Desktop/task2_ws/build/task2_pkg/prefix_override:/home/nida/Desktop/task2_ws/install/task2_pkg/lib/python3.10/site-packages:${PYTHONPATH} /usr/bin/python3 setup.py egg_info --egg-base ../../build/task2_pkg build --build-base /home/nida/Desktop/task2_ws/build/task2_pkg/build install --record /home/nida/Desktop/task2_ws/build/task2_pkg/install.log --single-version-externally-managed
